<?xml version="1.0" encoding="UTF-8"?>
<testng-results skipped="0" failed="0" total="1" passed="1">
  <reporter-output>
    <line>
      <![CDATA[<a href='C:\Users\madhav\eclipse-workspace\Gearbest\Screenshot\Login_Success_1510978990567.png'> <img src='C:\Users\madhav\eclipse-workspace\Gearbest\Screenshot\Login_Success_1510978990567.png' height='100' width='100'/> </a>]]>
    </line>
    <line>
      <![CDATA[<a href='C:\Users\madhav\eclipse-workspace\Gearbest\Screenshot\Order_Tracking_Not_Available_At_GearBest_1510979002396.png'> <img src='C:\Users\madhav\eclipse-workspace\Gearbest\Screenshot\Order_Tracking_Not_Available_At_GearBest_1510979002396.png' height='100' width='100'/> </a>]]>
    </line>
    <line>
      <![CDATA[<a href='C:\Users\madhav\eclipse-workspace\Gearbest\Screenshot\Gati_Order_Tracking_1510979036979.png'> <img src='C:\Users\madhav\eclipse-workspace\Gearbest\Screenshot\Gati_Order_Tracking_1510979036979.png' height='100' width='100'/> </a>]]>
    </line>
    <line>
      <![CDATA[<a href='C:\Users\madhav\eclipse-workspace\Gearbest\Screenshot\Logout_1510979046207.png'> <img src='C:\Users\madhav\eclipse-workspace\Gearbest\Screenshot\Logout_1510979046207.png' height='100' width='100'/> </a>]]>
    </line>
  </reporter-output>
  <suite name="Default suite" duration-ms="86715" started-at="2017-11-18T04:22:41Z" finished-at="2017-11-18T04:24:08Z">
    <groups>
    </groups>
    <test name="Default test" duration-ms="86715" started-at="2017-11-18T04:22:41Z" finished-at="2017-11-18T04:24:08Z">
      <class name="com.test.automation.orderdetails.TC004_Verify_Order_Details_And_Tracking">
        <test-method status="PASS" signature="setup()[pri:0, instance:com.test.automation.orderdetails.TC004_Verify_Order_Details_And_Tracking@2f8f11]" name="setup" is-config="true" duration-ms="14512" started-at="2017-11-18T09:52:41Z" finished-at="2017-11-18T09:52:56Z">
          <reporter-output>
          </reporter-output>
        </test-method> <!-- setup -->
        <test-method status="PASS" signature="verifyLogin()[pri:0, instance:com.test.automation.orderdetails.TC004_Verify_Order_Details_And_Tracking@2f8f11]" name="verifyLogin" duration-ms="60643" started-at="2017-11-18T09:52:56Z" finished-at="2017-11-18T09:53:57Z">
          <reporter-output>
            <line>
              <![CDATA[<a href='C:\Users\madhav\eclipse-workspace\Gearbest\Screenshot\Login_Success_1510978990567.png'> <img src='C:\Users\madhav\eclipse-workspace\Gearbest\Screenshot\Login_Success_1510978990567.png' height='100' width='100'/> </a>]]>
            </line>
            <line>
              <![CDATA[<a href='C:\Users\madhav\eclipse-workspace\Gearbest\Screenshot\Order_Tracking_Not_Available_At_GearBest_1510979002396.png'> <img src='C:\Users\madhav\eclipse-workspace\Gearbest\Screenshot\Order_Tracking_Not_Available_At_GearBest_1510979002396.png' height='100' width='100'/> </a>]]>
            </line>
            <line>
              <![CDATA[<a href='C:\Users\madhav\eclipse-workspace\Gearbest\Screenshot\Gati_Order_Tracking_1510979036979.png'> <img src='C:\Users\madhav\eclipse-workspace\Gearbest\Screenshot\Gati_Order_Tracking_1510979036979.png' height='100' width='100'/> </a>]]>
            </line>
          </reporter-output>
        </test-method> <!-- verifyLogin -->
        <test-method status="PASS" signature="endTest()[pri:0, instance:com.test.automation.orderdetails.TC004_Verify_Order_Details_And_Tracking@2f8f11]" name="endTest" is-config="true" duration-ms="11542" started-at="2017-11-18T09:53:57Z" finished-at="2017-11-18T09:54:08Z">
          <reporter-output>
            <line>
              <![CDATA[<a href='C:\Users\madhav\eclipse-workspace\Gearbest\Screenshot\Logout_1510979046207.png'> <img src='C:\Users\madhav\eclipse-workspace\Gearbest\Screenshot\Logout_1510979046207.png' height='100' width='100'/> </a>]]>
            </line>
          </reporter-output>
        </test-method> <!-- endTest -->
      </class> <!-- com.test.automation.orderdetails.TC004_Verify_Order_Details_And_Tracking -->
    </test> <!-- Default test -->
  </suite> <!-- Default suite -->
</testng-results>
